/* Log generated by MTK SP DrvGen Version 03.13.6;
 Log Time is Wed Sep 06 15:17:43 2017
 */
open operater parse MT6752.fig OK!
Edit operater parse .cmp file OK!
Edit operater parse .cmp file OK!
Edit operater parse .cmp file OK!
Fail to save workspace!
GPIO_SWTP_EINT_PIN
GPIO_SWTP_EINT_2_PIN
GPIO_BAND_INDICATOR_0
GPIO_BAND_INDICATOR_1
GPIO_BAND_INDICATOR_2
GPIO_BAND_INDICATOR_3
GPIO_RADIATION_PWR_ANT
GPIO_TOUCH_INT
GPIO_TOUCH_RESET
GPIO_NFC_IRQ
GPIO_NFC_VEN
GPIO_NFC_CLK_REQ
variable name does not exist 
Please Check /alps/mediatek/custom/.../kernel/dct/dct/codegen.dws and GPIO setting!
Edit operater parse .cmp file OK!
