  GEN     /home/nik-kst/Android/lg_h522y_x64/out/Makefile
  CHK     include/generated/uapi/linux/version.h
  CHK     include/generated/utsrelease.h
  Using /home/nik-kst/Android/lg_h522y_x64 as source for kernel
  CC      scripts/mod/devicetable-offsets.s
  CALL    /home/nik-kst/Android/lg_h522y_x64/scripts/checksyscalls.sh
  GEN     scripts/mod/devicetable-offsets.h
  HOSTCC  scripts/mod/file2alias.o
  HOSTLD  scripts/mod/modpost
  CHK     include/generated/compile.h
"CONFIG_TRUSTONIC_TEE_SUPPORT = "
mali MTK evironment
imgsensor drv by platform hi841_mipi_raw ov5670_mipi_raw
  CC      drivers/misc/mediatek/mach/mt6752/vz6752_65c_a_l1/camera/camera/kd_camera_hw.o
  CC      drivers/misc/mediatek/mach/mt6752/vz6752_65c_a_l1/core/board.o
  LD      drivers/misc/mediatek/mach/mt6752/vz6752_65c_a_l1/camera/camera/built-in.o
  LD      drivers/misc/mediatek/mach/mt6752/vz6752_65c_a_l1/core/built-in.o
  CC      drivers/misc/mediatek/mach/mt6752/vz6752_65c_a_l1/dct/dct/pmic_drv.o
  LD      drivers/misc/mediatek/mach/mt6752/vz6752_65c_a_l1/dct/dct/built-in.o
  CC      drivers/misc/mediatek/mach/mt6752/vz6752_65c_a_l1/hdmi/hdmi_cust.o
  LD      drivers/misc/mediatek/mach/mt6752/vz6752_65c_a_l1/hdmi/built-in.o
  CC      drivers/misc/mediatek/mach/mt6752/vz6752_65c_a_l1/keypad/mtk_kpd_bkl.o
  LD      drivers/misc/mediatek/mach/mt6752/vz6752_65c_a_l1/keypad/built-in.o
  CC      drivers/misc/mediatek/mach/mt6752/vz6752_65c_a_l1/leds/mt65xx/cust_leds.o
  LD      drivers/misc/mediatek/mach/mt6752/vz6752_65c_a_l1/leds/mt65xx/built-in.o
  LD      drivers/misc/mediatek/mach/mt6752/vz6752_65c_a_l1/leds/built-in.o
  CC      drivers/misc/mediatek/mach/mt6752/vz6752_65c_a_l1/magnetometer/bmm050/cust_mag.o
  LD      drivers/misc/mediatek/mach/mt6752/vz6752_65c_a_l1/magnetometer/bmm050/built-in.o
  LD      drivers/misc/mediatek/mach/mt6752/vz6752_65c_a_l1/magnetometer/built-in.o
  CC      drivers/misc/mediatek/mach/mt6752/vz6752_65c_a_l1/sensorHub/SCP_sensorHub/cust_sensorHub.o
  LD      drivers/misc/mediatek/mach/mt6752/vz6752_65c_a_l1/sensorHub/SCP_sensorHub/built-in.o
  LD      drivers/misc/mediatek/mach/mt6752/vz6752_65c_a_l1/sensorHub/built-in.o
  CC      drivers/misc/mediatek/mach/mt6752/vz6752_65c_a_l1/sound/yusu_android_speaker.o
  LD      drivers/misc/mediatek/mach/mt6752/vz6752_65c_a_l1/sound/built-in.o
  CC      drivers/misc/mediatek/mach/mt6752/vz6752_65c_a_l1/vibrator/cust_vibrator.o
  LD      drivers/misc/mediatek/mach/mt6752/vz6752_65c_a_l1/vibrator/built-in.o
  LD      drivers/misc/mediatek/mach/mt6752/vz6752_65c_a_l1/built-in.o
  CC      drivers/misc/mediatek/mach/mt6752/innercache.o
  CC      drivers/misc/mediatek/mach/mt6752/mt_pm_init.o
  CC      drivers/misc/mediatek/mach/mt6752/mt_psci.o
  CC      drivers/misc/mediatek/mach/mt6752/mt_hotplug_strategy_main.o
  CC      drivers/misc/mediatek/mach/mt6752/mt_hotplug_strategy_core.o
  CC      drivers/misc/mediatek/mach/mt6752/mt_hotplug_strategy_procfs.o
  CC      drivers/misc/mediatek/mach/mt6752/mt_hotplug_strategy_cpu.o
  CC      drivers/misc/mediatek/mach/mt6752/mt_hotplug_strategy_api.o
  CC      drivers/misc/mediatek/mach/mt6752/mt_hotplug_strategy_algo.o
  CC      drivers/misc/mediatek/mach/mt6752/mt_ptp2.o
  CC      drivers/misc/mediatek/mach/mt6752/mt_ptp.o
make[2]: Цель «dtbs» не требует выполнения команд.
  CC      drivers/misc/mediatek/mach/mt6752/mt_cpuidle64.o
  CC      drivers/misc/mediatek/mach/mt6752/mt_dcm.o
  CC      drivers/misc/mediatek/mach/mt6752/hibernate64.o
  CC      drivers/misc/mediatek/pmic_wrap/mt_pmic_wrap.o
  CC      drivers/misc/mediatek/partition/mt6752/partition.o
  LD      drivers/misc/mediatek/mach/mt6752/built-in.o
  CC      drivers/misc/mediatek/partition/mt6752/efi.o
  CC      drivers/misc/mediatek/pmic_wrap/mt6752/pwrap_hal.o
  LD      drivers/misc/mediatek/partition/mt6752/built-in.o
  LD      drivers/misc/mediatek/partition/built-in.o
  LD      drivers/misc/mediatek/pmt/built-in.o
  LD      drivers/misc/mediatek/pmic_wrap/mt6752/built-in.o
  LD      drivers/misc/mediatek/pmic_wrap/built-in.o
  CC      drivers/misc/mediatek/power/mt6752/pmic.o
  CC      drivers/misc/mediatek/power/mt6752/upmu_common.o
  LD      drivers/misc/mediatek/mach/built-in.o
  CC      drivers/misc/mediatek/power/mt6752/pmic_auxadc.o
  CC      drivers/misc/mediatek/power/mt6752/pmic_chr_type_det.o
  CC      drivers/misc/mediatek/power/mt6752/tps6128x.o
  CC      drivers/misc/mediatek/power/mt6752/mt6311.o
  CC      drivers/misc/mediatek/power/mt6752/battery_meter_hal.o
  CC      drivers/misc/mediatek/power/mt6752/bq24261.o
  CC      drivers/video/fb_notify.o
  CC      drivers/misc/mediatek/power/mt6752/charging_hw_bq24261.o
  CC      drivers/video/fbmem.o
  CC      drivers/video/fbmon.o
  CC      drivers/misc/mediatek/power_gs/mt6752/mt_power_gs.o
  CC      drivers/misc/mediatek/power_gs/mt6752/mt_power_gs_6325_array.o
  CC      drivers/misc/mediatek/power_gs/mt6752/mt_power_gs_suspend.o
  LD      drivers/misc/mediatek/power_gs/mt6752/built-in.o
  LD      drivers/misc/mediatek/power_gs/built-in.o
  CC      drivers/misc/mediatek/pwm/mt_pwm.o
  CC      drivers/video/fbcmap.o
  CC      drivers/video/fbsysfs.o
  CC      drivers/video/modedb.o
  CC      drivers/misc/mediatek/ram_console/mtk_ram_console.o
  CC      drivers/misc/mediatek/pwm/mt6752/mt_pwm_hal.o
  LD      drivers/misc/mediatek/pwm/mt6752/built-in.o
  LD      drivers/misc/mediatek/pwm/built-in.o
  CC      drivers/video/fbcvt.o
  CC      drivers/misc/mediatek/rtc/mtk_rtc_common.o
  LD      drivers/video/backlight/built-in.o
  CC      drivers/video/console/fonts.o
  LD      drivers/misc/mediatek/ram_console/built-in.o
  CC      drivers/misc/mediatek/sched/mt_sched.o
  CC      drivers/misc/mediatek/rtc/mt6752/mtk_rtc_hal.o
  CC      drivers/video/console/font_8x16.o
  LD      drivers/video/console/font.o
  LD      drivers/video/console/built-in.o
  CC      drivers/video/logo/logo.o
  LD      drivers/misc/mediatek/rtc/mt6752/built-in.o
  LD      drivers/misc/mediatek/rtc/built-in.o
  CC      drivers/misc/mediatek/sched/mt_compat_sched.o
  CC      drivers/misc/mediatek/selinux_warning/selinux_warning.o
  LOGO    drivers/video/logo/logo_linux_mono.c
  LOGO    drivers/video/logo/logo_linux_vga16.c
  LOGO    drivers/video/logo/logo_linux_clut224.c
  LOGO    drivers/video/logo/logo_superh_mono.c
  LOGO    drivers/video/logo/logo_superh_vga16.c
  LOGO    drivers/video/logo/clut_vga16.c
  LOGO    drivers/video/logo/logo_blackfin_vga16.c
  LOGO    drivers/video/logo/logo_spe_clut224.c
  LOGO    drivers/video/logo/logo_parisc_clut224.c
  LOGO    drivers/video/logo/logo_mac_clut224.c
  LOGO    drivers/video/logo/logo_superh_clut224.c
  LOGO    drivers/video/logo/logo_sun_clut224.c
  LD      drivers/misc/mediatek/sched/built-in.o
  LOGO    drivers/video/logo/logo_blackfin_clut224.c
  LOGO    drivers/video/logo/logo_dec_clut224.c
  CC      drivers/misc/mediatek/smi/mt6752/smi_debug.o
  LOGO    drivers/video/logo/logo_m32r_clut224.c
  LOGO    drivers/video/logo/logo_sgi_clut224.c
  CC      drivers/video/logo/logo_linux_mono.o
  CC      drivers/video/logo/logo_linux_vga16.o
  CC      drivers/video/logo/logo_linux_clut224.o
  LD      drivers/video/logo/built-in.o
  LD      drivers/video/omap2/displays/built-in.o
  LD      drivers/video/omap2/built-in.o
  CC      drivers/video/cfbfillrect.o
  CC      drivers/misc/mediatek/smi/mt6752/smi_common.o
  LD      drivers/misc/mediatek/selinux_warning/built-in.o
  CC      drivers/misc/mediatek/spi/mt6752/spi.o
  CC      drivers/video/cfbcopyarea.o
  LD      drivers/misc/mediatek/power/mt6752/built-in.o
  LD      drivers/misc/mediatek/power/built-in.o
  CC      drivers/video/cfbimgblt.o
  CC      drivers/misc/mediatek/spm/mt6752/mt_spm.o
  CC      drivers/misc/mediatek/spi/mt6752/spi-dev.o
  LD      drivers/misc/mediatek/smi/mt6752/built-in.o
  LD      drivers/misc/mediatek/smi/built-in.o
  CC      drivers/misc/mediatek/spm/mt6752/mt_spm_internal.o
  LD      drivers/video/fb.o
  LD      drivers/video/built-in.o
  CC      drivers/misc/mediatek/spm/mt6752/mt_spm_fs.o
  CC      drivers/misc/mediatek/spm/mt6752/mt_spm_sleep.o
  CC      drivers/misc/mediatek/ssw/ssw_generic_v2/sim_switch.o
  CC      drivers/misc/mediatek/spm/mt6752/mt_spm_dpidle.o
  LD      drivers/misc/mediatek/spi/mt6752/built-in.o
  LD      drivers/misc/mediatek/spi/built-in.o
  CC      drivers/misc/mediatek/sync/mtk_sync.o
  CC      drivers/misc/mediatek/spm/mt6752/mt_spm_sodi.o
  LD      drivers/misc/mediatek/ssw/ssw_generic_v2/built-in.o
  LD      drivers/misc/mediatek/ssw/built-in.o
  CC      drivers/misc/mediatek/spm/mt6752/mt_spm_mcdi.o
  LD      drivers/misc/mediatek/sync/built-in.o
  CC      drivers/misc/mediatek/sysenv/mt6752/sysenv.o
  CC      drivers/misc/mediatek/systracker/systracker_interface.o
  CC      drivers/misc/mediatek/systracker/mt6752/systracker_platform.o
  LD      drivers/misc/mediatek/spm/mt6752/built-in.o
  LD      drivers/misc/mediatek/spm/built-in.o
  CC      drivers/misc/mediatek/thermal/mtk_thermal_monitor.o
  CC      drivers/misc/mediatek/thermal/mtk_cooler_shutdown.o
  LD      drivers/misc/mediatek/systracker/mt6752/built-in.o
  CC      drivers/misc/mediatek/systracker/backtrace_64bit.o
  LD      drivers/misc/mediatek/sysenv/mt6752/built-in.o
  LD      drivers/misc/mediatek/sysenv/built-in.o
  CC      drivers/misc/mediatek/uart/uart.o
  LD      drivers/misc/mediatek/systracker/built-in.o
  CC      drivers/misc/mediatek/uibc/uibc.o
  CC      drivers/misc/mediatek/thermal/mtk_cooler_backlight.o
  LD      drivers/misc/mediatek/uibc/built-in.o
  CC      drivers/misc/mediatek/thermal/mtk_cooler_kshutdown.o
  CC      drivers/misc/mediatek/usb11/mt6752/musbfsh_core.o
  CC      drivers/misc/mediatek/thermal/mtk_cooler_cam.o
  CC      drivers/misc/mediatek/thermal/mtk_cooler_vrt.o
  LD      drivers/misc/mediatek/usb11/mt6752/built-in.o
  LD      drivers/misc/mediatek/usb11/built-in.o
  CC      drivers/misc/mediatek/thermal/mt6752/mtk_thermal_platform.o
  CC      drivers/misc/mediatek/thermal/mt6752/mtk_ts_pa_thput.o
  CC      drivers/misc/mediatek/uart/mt6752/platform_uart.o
  CC      drivers/misc/mediatek/usb20/mt6752/usb20.o
  CC      drivers/misc/mediatek/usb20/mt6752/usb20_phy.o
  CC      drivers/misc/mediatek/thermal/mt6752/mtk_cooler_bcct.o
  CC      drivers/misc/mediatek/thermal/mt6752/mtk_ts_wmt.o
  CC      drivers/misc/mediatek/usb20/mt6752/usb20_host.o
  LD      drivers/misc/mediatek/uart/mt6752/built-in.o
  LD      drivers/misc/mediatek/uart/built-in.o
  CC      drivers/misc/mediatek/vibrator/vibrator_drv.o
  CC      drivers/misc/mediatek/videocodec/videocodec_kernel.o
  LD      drivers/misc/mediatek/usb20/mt6752/built-in.o
  CC      drivers/misc/mediatek/usb20/musb_core.o
  CC      drivers/misc/mediatek/videocodec/mt6752/videocodec_kernel_driver.o
  CC      drivers/misc/mediatek/vibrator/mt6752/vibrator.o
  CC      drivers/misc/mediatek/thermal/mt6752/mtk_ts_bts.o
  LD      drivers/misc/mediatek/vibrator/mt6752/built-in.o
  LD      drivers/misc/mediatek/vibrator/built-in.o
  CC      drivers/misc/mediatek/thermal/mt6752/mtk_ts_btsmdpa.o
  CC      drivers/misc/mediatek/usb20/musb_gadget_ep0.o
  CC      drivers/misc/mediatek/videocodec/mt6752/common/val/src/val.o
  CC      drivers/misc/mediatek/thermal/mt6752/mtk_ts_cpu.o
  CC      drivers/misc/mediatek/thermal/mt6752/mtk_ts_abb.o
  CC      drivers/misc/mediatek/usb20/musb_gadget.o
  CC      drivers/misc/mediatek/videocodec/mt6752/common/drv/src/drv_base.o
  CC      drivers/misc/mediatek/usb20/musb_virthub.o
  LD      drivers/misc/mediatek/videocodec/mt6752/vcodec_kernel_driver.o
  LD      drivers/misc/mediatek/videocodec/mt6752/built-in.o
  LD      drivers/misc/mediatek/videocodec/built-in.o
  CC      drivers/misc/mediatek/videox/mt6752/mtkfb_console.o
  CC      drivers/misc/mediatek/videox/mt6752/disp_assert_layer.o
  CC      drivers/misc/mediatek/videox/mt6752/mtkfb.o
  CC      drivers/misc/mediatek/thermal/mt6752/mtk_ts_all_ts.o
  CC      drivers/misc/mediatek/videox/mt6752/mtkfb_vsync.o
  CC      drivers/misc/mediatek/videox/mt6752/debug.o
  CC      drivers/misc/mediatek/thermal/mt6752/mtk_ts_pa.o
  CC      drivers/misc/mediatek/usb20/musb_host.o
  CC      drivers/misc/mediatek/videox/mt6752/primary_display.o
  CC      drivers/misc/mediatek/thermal/mt6752/mtk_ts_battery.o
  CC      drivers/misc/mediatek/videox/mt6752/disp_lcm.o
  CC      drivers/misc/mediatek/thermal/mt6752/mtk_ts_pmic.o
  CC      drivers/misc/mediatek/videox/mt6752/disp_utils.o
  CC      drivers/misc/mediatek/videox/mt6752/mtkfb_fence.o
  CC      drivers/misc/mediatek/thermal/mt6752/mtk_ts_6311buck.o
  LD      drivers/misc/mediatek/thermal/mt6752/built-in.o
  CC      drivers/misc/mediatek/videox/mt6752/mtk_disp_mgr.o
  LD      drivers/misc/mediatek/thermal/built-in.o
  CC      drivers/misc/mediatek/usb20/musbhsdma.o
  CC      drivers/misc/mediatek/videox/mt6752/mtk_mira.o
  CC      drivers/misc/mediatek/videox/mt6752/mtk_ovl.o
  LD      drivers/misc/mediatek/usb20/musb_hdrc.o
  LD      drivers/misc/mediatek/usb20/built-in.o
  CC      drivers/misc/mediatek/watchpoint/mt6752/aarch64/hw_watchpoint_aarch64.o
  CC      drivers/misc/mediatek/videox/mt6752/fbconfig_kdebug.o
  CC      drivers/misc/mediatek/watchpoint/mt6752/aarch64/mt_dbg_aarch64.o
  CC      drivers/misc/mediatek/wdk/wd_common_drv.o
  CC      drivers/misc/mediatek/wdk/wd_api.o
  LD      drivers/misc/mediatek/watchpoint/mt6752/aarch64/built-in.o
  LD      drivers/misc/mediatek/watchpoint/mt6752/built-in.o
  LD      drivers/misc/mediatek/watchpoint/built-in.o
  CC      drivers/misc/mediatek/xlog/xlog_filter.o
  CC      drivers/misc/mediatek/wdt/mt6752/mtk_wdt.o
  LD      drivers/misc/mediatek/wdk/built-in.o
  CC      drivers/misc/mediatek/xlog/xlog_printk.o
  LD      drivers/misc/mediatek/videox/mt6752/built-in.o
  LD      drivers/misc/mediatek/videox/built-in.o
  LD      drivers/misc/mediatek/wdt/mt6752/built-in.o
  LD      drivers/misc/mediatek/wdt/built-in.o
  LD      drivers/misc/mediatek/xlog/xlog.o
  LD      drivers/misc/mediatek/xlog/built-in.o
  LD      drivers/misc/mediatek/built-in.o
  LD      drivers/misc/built-in.o
  LD      drivers/built-in.o
  LINK    vmlinux
  LD      vmlinux.o
  MODPOST vmlinux.o
  GEN     .version
  CHK     include/generated/compile.h
  UPD     include/generated/compile.h
  CC      init/version.o
  LD      init/built-in.o
  KSYM    .tmp_kallsyms1.o
  KSYM    .tmp_kallsyms2.o
  LD      vmlinux
  SYSMAP  System.map
  OBJCOPY arch/arm64/boot/Image
  DTC     arch/arm64/boot/dts/vz6752_65c_a_l1.dtb
  GZIP    arch/arm64/boot/Image.gz
  CAT     arch/arm64/boot/Image.gz-dtb
